2019-10-07 21:18:39,429 [Worker-12] INFO  o.e.m.c.i.l.LifecycleMappingFactory - Using org.eclipse.m2e.jdt.JarLifecycleMapping lifecycle mapping for MavenProject: com.firmex:TestAssignment:0.0.1 @ D:\WS_FirmexTA\TestAssignment\pom.xml.
2019-10-07 21:18:46,600 [Worker-12] INFO  o.e.m.j.i.AbstractJavaProjectConfigurator - Adding source folder /TestAssignment/src/main/java
2019-10-07 21:18:46,609 [Worker-12] INFO  o.e.m.j.i.AbstractJavaProjectConfigurator - Adding source folder /TestAssignment/src/test/java
2019-10-07 21:18:46,610 [Worker-12] INFO  o.e.m.j.i.AbstractJavaProjectConfigurator - Adding resource folder /TestAssignment/src/test/resources
2019-10-07 21:18:51,072 [Worker-12] INFO  n.t.m.s.i.ProjectSettingsConfigurator - Could not set eclipse settings, consider org.apache.maven.plugins:maven-eclipse-plugin!
2019-10-07 21:18:51,183 [Worker-12] INFO  o.e.m.c.i.p.ProjectConfigurationManager - Imported and configured 1 project(s) in 19 sec
2019-10-07 21:18:53,952 [Worker-16] INFO  o.e.m.c.i.embedder.EclipseLogger - Using 'UTF-8' encoding to copy filtered resources.
2019-10-07 21:18:53,953 [Worker-16] INFO  o.e.m.c.i.embedder.EclipseLogger - skip non existing resourceDirectory D:\WS_FirmexTA\TestAssignment\src\main\resources
2019-10-07 21:18:53,958 [Worker-16] INFO  o.e.m.c.i.embedder.EclipseLogger - Using 'UTF-8' encoding to copy filtered resources.
2019-10-07 21:18:53,989 [Worker-16] INFO  o.e.m.c.i.embedder.EclipseLogger - Copying 5 resources
2019-10-07 21:19:10,550 [Worker-19] INFO  o.e.m.c.i.embedder.EclipseLogger - Using 'UTF-8' encoding to copy filtered resources.
2019-10-07 21:19:10,550 [Worker-19] INFO  o.e.m.c.i.embedder.EclipseLogger - skip non existing resourceDirectory D:\WS_FirmexTA\TestAssignment\src\main\resources
2019-10-07 21:19:10,558 [Worker-19] INFO  o.e.m.c.i.embedder.EclipseLogger - Using 'UTF-8' encoding to copy filtered resources.
2019-10-07 21:19:10,563 [Worker-19] INFO  o.e.m.c.i.embedder.EclipseLogger - Copying 0 resource
2019-10-07 21:19:34,807 [Worker-5] INFO  o.e.m.c.i.p.ProjectConfigurationManager - Update started
2019-10-07 21:19:36,717 [Worker-5] INFO  o.e.m.c.i.l.LifecycleMappingFactory - Using org.eclipse.m2e.jdt.JarLifecycleMapping lifecycle mapping for MavenProject: com.firmex:TestAssignment:0.0.1 @ D:\WS_FirmexTA\TestAssignment\pom.xml.
2019-10-07 21:19:38,754 [Worker-5] INFO  o.e.m.j.i.AbstractJavaProjectConfigurator - Adding source folder /TestAssignment/src/main/java
2019-10-07 21:19:38,756 [Worker-5] INFO  o.e.m.j.i.AbstractJavaProjectConfigurator - Adding source folder /TestAssignment/src/test/java
2019-10-07 21:19:38,757 [Worker-5] INFO  o.e.m.j.i.AbstractJavaProjectConfigurator - Adding resource folder /TestAssignment/src/test/resources
2019-10-07 21:19:39,105 [Worker-5] INFO  n.t.m.s.i.ProjectSettingsConfigurator - Could not set eclipse settings, consider org.apache.maven.plugins:maven-eclipse-plugin!
2019-10-07 21:19:39,441 [Worker-5] INFO  o.e.m.c.i.p.ProjectConfigurationManager - Update completed: 4 sec
2019-10-07 21:19:41,943 [Worker-15] INFO  o.e.m.c.i.embedder.EclipseLogger - Using 'UTF-8' encoding to copy filtered resources.
2019-10-07 21:19:41,943 [Worker-15] INFO  o.e.m.c.i.embedder.EclipseLogger - skip non existing resourceDirectory D:\WS_FirmexTA\TestAssignment\src\main\resources
2019-10-07 21:19:41,947 [Worker-15] INFO  o.e.m.c.i.embedder.EclipseLogger - Using 'UTF-8' encoding to copy filtered resources.
2019-10-07 21:19:41,950 [Worker-15] INFO  o.e.m.c.i.embedder.EclipseLogger - Copying 5 resources
2019-10-07 21:20:44,274 [Worker-0] INFO  o.e.m.c.i.embedder.EclipseLogger - Using 'UTF-8' encoding to copy filtered resources.
2019-10-07 21:20:44,275 [Worker-0] INFO  o.e.m.c.i.embedder.EclipseLogger - skip non existing resourceDirectory D:\WS_FirmexTA\TestAssignment\src\main\resources
2019-10-07 21:20:44,278 [Worker-0] INFO  o.e.m.c.i.embedder.EclipseLogger - Using 'UTF-8' encoding to copy filtered resources.
2019-10-07 21:20:44,319 [Worker-0] INFO  o.e.m.c.i.embedder.EclipseLogger - Copying 5 resources
2019-10-07 21:21:05,383 [Worker-5] INFO  o.e.m.c.i.embedder.EclipseLogger - Using 'UTF-8' encoding to copy filtered resources.
2019-10-07 21:21:05,384 [Worker-5] INFO  o.e.m.c.i.embedder.EclipseLogger - skip non existing resourceDirectory D:\WS_FirmexTA\TestAssignment\src\main\resources
2019-10-07 21:21:05,386 [Worker-5] INFO  o.e.m.c.i.embedder.EclipseLogger - Using 'UTF-8' encoding to copy filtered resources.
2019-10-07 21:21:05,389 [Worker-5] INFO  o.e.m.c.i.embedder.EclipseLogger - Copying 5 resources
2019-10-07 21:21:15,512 [Worker-1] INFO  o.e.m.c.i.embedder.EclipseLogger - Using 'UTF-8' encoding to copy filtered resources.
2019-10-07 21:21:15,512 [Worker-1] INFO  o.e.m.c.i.embedder.EclipseLogger - skip non existing resourceDirectory D:\WS_FirmexTA\TestAssignment\src\main\resources
2019-10-07 21:21:15,515 [Worker-1] INFO  o.e.m.c.i.embedder.EclipseLogger - Using 'UTF-8' encoding to copy filtered resources.
2019-10-07 21:21:15,516 [Worker-1] INFO  o.e.m.c.i.embedder.EclipseLogger - Copying 5 resources
2019-10-07 21:21:23,880 [Worker-5] INFO  o.e.m.c.i.embedder.EclipseLogger - Using 'UTF-8' encoding to copy filtered resources.
2019-10-07 21:21:23,881 [Worker-5] INFO  o.e.m.c.i.embedder.EclipseLogger - skip non existing resourceDirectory D:\WS_FirmexTA\TestAssignment\src\main\resources
2019-10-07 21:21:23,884 [Worker-5] INFO  o.e.m.c.i.embedder.EclipseLogger - Using 'UTF-8' encoding to copy filtered resources.
2019-10-07 21:21:23,885 [Worker-5] INFO  o.e.m.c.i.embedder.EclipseLogger - Copying 5 resources
2019-10-07 21:21:34,095 [Worker-8] INFO  o.e.m.c.i.embedder.EclipseLogger - Using 'UTF-8' encoding to copy filtered resources.
2019-10-07 21:21:34,096 [Worker-8] INFO  o.e.m.c.i.embedder.EclipseLogger - skip non existing resourceDirectory D:\WS_FirmexTA\TestAssignment\src\main\resources
2019-10-07 21:21:34,099 [Worker-8] INFO  o.e.m.c.i.embedder.EclipseLogger - Using 'UTF-8' encoding to copy filtered resources.
2019-10-07 21:21:34,100 [Worker-8] INFO  o.e.m.c.i.embedder.EclipseLogger - Copying 5 resources
2019-10-07 21:21:43,882 [Worker-15] INFO  o.e.m.c.i.embedder.EclipseLogger - Using 'UTF-8' encoding to copy filtered resources.
2019-10-07 21:21:43,883 [Worker-15] INFO  o.e.m.c.i.embedder.EclipseLogger - skip non existing resourceDirectory D:\WS_FirmexTA\TestAssignment\src\main\resources
2019-10-07 21:21:43,885 [Worker-15] INFO  o.e.m.c.i.embedder.EclipseLogger - Using 'UTF-8' encoding to copy filtered resources.
2019-10-07 21:21:43,887 [Worker-15] INFO  o.e.m.c.i.embedder.EclipseLogger - Copying 5 resources
2019-10-07 21:22:07,950 [Worker-4] INFO  o.e.m.c.i.embedder.EclipseLogger - Using 'UTF-8' encoding to copy filtered resources.
2019-10-07 21:22:07,950 [Worker-4] INFO  o.e.m.c.i.embedder.EclipseLogger - skip non existing resourceDirectory D:\WS_FirmexTA\TestAssignment\src\main\resources
2019-10-07 21:22:07,954 [Worker-4] INFO  o.e.m.c.i.embedder.EclipseLogger - Using 'UTF-8' encoding to copy filtered resources.
2019-10-07 21:22:07,956 [Worker-4] INFO  o.e.m.c.i.embedder.EclipseLogger - Copying 5 resources
2019-10-07 21:25:40,497 [Worker-0] INFO  o.e.m.c.i.embedder.EclipseLogger - Using 'UTF-8' encoding to copy filtered resources.
2019-10-07 21:25:40,498 [Worker-0] INFO  o.e.m.c.i.embedder.EclipseLogger - skip non existing resourceDirectory D:\WS_FirmexTA\TestAssignment\src\main\resources
2019-10-07 21:25:40,501 [Worker-0] INFO  o.e.m.c.i.embedder.EclipseLogger - Using 'UTF-8' encoding to copy filtered resources.
2019-10-07 21:25:40,502 [Worker-0] INFO  o.e.m.c.i.embedder.EclipseLogger - Copying 5 resources
2019-10-07 21:27:07,352 [Worker-11] INFO  o.e.m.c.i.embedder.EclipseLogger - Using 'UTF-8' encoding to copy filtered resources.
2019-10-07 21:27:07,352 [Worker-11] INFO  o.e.m.c.i.embedder.EclipseLogger - skip non existing resourceDirectory D:\WS_FirmexTA\TestAssignment\src\main\resources
2019-10-07 21:27:07,355 [Worker-11] INFO  o.e.m.c.i.embedder.EclipseLogger - Using 'UTF-8' encoding to copy filtered resources.
2019-10-07 21:27:07,356 [Worker-11] INFO  o.e.m.c.i.embedder.EclipseLogger - Copying 0 resource
2019-10-07 21:28:27,817 [Worker-19] INFO  o.e.m.c.i.embedder.EclipseLogger - Using 'UTF-8' encoding to copy filtered resources.
2019-10-07 21:28:27,818 [Worker-19] INFO  o.e.m.c.i.embedder.EclipseLogger - skip non existing resourceDirectory D:\WS_FirmexTA\TestAssignment\src\main\resources
2019-10-07 21:28:27,820 [Worker-19] INFO  o.e.m.c.i.embedder.EclipseLogger - Using 'UTF-8' encoding to copy filtered resources.
2019-10-07 21:28:27,821 [Worker-19] INFO  o.e.m.c.i.embedder.EclipseLogger - Copying 0 resource
2019-10-07 21:29:21,952 [Worker-15] INFO  o.e.m.c.i.embedder.EclipseLogger - Using 'UTF-8' encoding to copy filtered resources.
2019-10-07 21:29:21,952 [Worker-15] INFO  o.e.m.c.i.embedder.EclipseLogger - skip non existing resourceDirectory D:\WS_FirmexTA\TestAssignment\src\main\resources
2019-10-07 21:29:21,954 [Worker-15] INFO  o.e.m.c.i.embedder.EclipseLogger - Using 'UTF-8' encoding to copy filtered resources.
2019-10-07 21:29:21,954 [Worker-15] INFO  o.e.m.c.i.embedder.EclipseLogger - Copying 0 resource
2019-10-07 21:32:51,380 [Worker-15] INFO  o.e.m.c.i.embedder.EclipseLogger - Using 'UTF-8' encoding to copy filtered resources.
2019-10-07 21:32:51,381 [Worker-15] INFO  o.e.m.c.i.embedder.EclipseLogger - skip non existing resourceDirectory D:\WS_FirmexTA\TestAssignment\src\main\resources
2019-10-07 21:32:51,383 [Worker-15] INFO  o.e.m.c.i.embedder.EclipseLogger - Using 'UTF-8' encoding to copy filtered resources.
2019-10-07 21:32:51,384 [Worker-15] INFO  o.e.m.c.i.embedder.EclipseLogger - Copying 0 resource
2019-10-07 21:34:31,612 [Worker-22] INFO  o.e.m.c.i.embedder.EclipseLogger - Using 'UTF-8' encoding to copy filtered resources.
2019-10-07 21:34:31,612 [Worker-22] INFO  o.e.m.c.i.embedder.EclipseLogger - skip non existing resourceDirectory D:\WS_FirmexTA\TestAssignment\src\main\resources
2019-10-07 21:34:31,627 [Worker-22] INFO  o.e.m.c.i.embedder.EclipseLogger - Using 'UTF-8' encoding to copy filtered resources.
2019-10-07 21:34:31,627 [Worker-22] INFO  o.e.m.c.i.embedder.EclipseLogger - Copying 0 resource
2019-10-07 21:36:08,771 [Worker-24] INFO  o.e.m.c.i.embedder.EclipseLogger - Using 'UTF-8' encoding to copy filtered resources.
2019-10-07 21:36:08,771 [Worker-24] INFO  o.e.m.c.i.embedder.EclipseLogger - skip non existing resourceDirectory D:\WS_FirmexTA\TestAssignment\src\main\resources
2019-10-07 21:36:08,771 [Worker-24] INFO  o.e.m.c.i.embedder.EclipseLogger - Using 'UTF-8' encoding to copy filtered resources.
2019-10-07 21:36:08,771 [Worker-24] INFO  o.e.m.c.i.embedder.EclipseLogger - Copying 0 resource
2019-10-07 21:39:01,496 [Worker-9] INFO  o.e.m.c.i.embedder.EclipseLogger - Using 'UTF-8' encoding to copy filtered resources.
2019-10-07 21:39:01,497 [Worker-9] INFO  o.e.m.c.i.embedder.EclipseLogger - skip non existing resourceDirectory D:\WS_FirmexTA\TestAssignment\src\main\resources
2019-10-07 21:39:01,500 [Worker-9] INFO  o.e.m.c.i.embedder.EclipseLogger - Using 'UTF-8' encoding to copy filtered resources.
2019-10-07 21:39:01,500 [Worker-9] INFO  o.e.m.c.i.embedder.EclipseLogger - Copying 0 resource
2019-10-07 21:39:41,098 [Worker-4] INFO  o.e.m.c.i.embedder.EclipseLogger - Using 'UTF-8' encoding to copy filtered resources.
2019-10-07 21:39:41,098 [Worker-4] INFO  o.e.m.c.i.embedder.EclipseLogger - skip non existing resourceDirectory D:\WS_FirmexTA\TestAssignment\src\main\resources
2019-10-07 21:39:41,099 [Worker-4] INFO  o.e.m.c.i.embedder.EclipseLogger - Using 'UTF-8' encoding to copy filtered resources.
2019-10-07 21:39:41,100 [Worker-4] INFO  o.e.m.c.i.embedder.EclipseLogger - Copying 0 resource
2019-10-07 21:50:31,210 [Worker-9] INFO  o.e.m.c.i.embedder.EclipseLogger - Using 'UTF-8' encoding to copy filtered resources.
2019-10-07 21:50:31,210 [Worker-9] INFO  o.e.m.c.i.embedder.EclipseLogger - skip non existing resourceDirectory D:\WS_FirmexTA\TestAssignment\src\main\resources
2019-10-07 21:50:31,212 [Worker-9] INFO  o.e.m.c.i.embedder.EclipseLogger - Using 'UTF-8' encoding to copy filtered resources.
2019-10-07 21:50:31,267 [Worker-9] INFO  o.e.m.c.i.embedder.EclipseLogger - Copying 5 resources
2019-10-07 21:51:26,368 [Worker-24] INFO  o.e.m.c.i.embedder.EclipseLogger - Using 'UTF-8' encoding to copy filtered resources.
2019-10-07 21:51:26,369 [Worker-24] INFO  o.e.m.c.i.embedder.EclipseLogger - skip non existing resourceDirectory D:\WS_FirmexTA\TestAssignment\src\main\resources
2019-10-07 21:51:26,371 [Worker-24] INFO  o.e.m.c.i.embedder.EclipseLogger - Using 'UTF-8' encoding to copy filtered resources.
2019-10-07 21:51:26,373 [Worker-24] INFO  o.e.m.c.i.embedder.EclipseLogger - Copying 5 resources
2019-10-07 21:52:06,848 [Worker-28] INFO  o.e.m.c.i.embedder.EclipseLogger - Using 'UTF-8' encoding to copy filtered resources.
2019-10-07 21:52:06,850 [Worker-28] INFO  o.e.m.c.i.embedder.EclipseLogger - skip non existing resourceDirectory D:\WS_FirmexTA\TestAssignment\src\main\resources
2019-10-07 21:52:06,852 [Worker-28] INFO  o.e.m.c.i.embedder.EclipseLogger - Using 'UTF-8' encoding to copy filtered resources.
2019-10-07 21:52:06,853 [Worker-28] INFO  o.e.m.c.i.embedder.EclipseLogger - Copying 5 resources
2019-10-07 21:53:32,168 [Worker-29] INFO  o.e.m.c.i.embedder.EclipseLogger - Using 'UTF-8' encoding to copy filtered resources.
2019-10-07 21:53:32,169 [Worker-29] INFO  o.e.m.c.i.embedder.EclipseLogger - skip non existing resourceDirectory D:\WS_FirmexTA\TestAssignment\src\main\resources
2019-10-07 21:53:32,171 [Worker-29] INFO  o.e.m.c.i.embedder.EclipseLogger - Using 'UTF-8' encoding to copy filtered resources.
2019-10-07 21:53:32,172 [Worker-29] INFO  o.e.m.c.i.embedder.EclipseLogger - Copying 5 resources
2019-10-07 21:54:00,750 [Worker-24] INFO  o.e.m.c.i.embedder.EclipseLogger - Using 'UTF-8' encoding to copy filtered resources.
2019-10-07 21:54:00,751 [Worker-24] INFO  o.e.m.c.i.embedder.EclipseLogger - skip non existing resourceDirectory D:\WS_FirmexTA\TestAssignment\src\main\resources
2019-10-07 21:54:00,752 [Worker-24] INFO  o.e.m.c.i.embedder.EclipseLogger - Using 'UTF-8' encoding to copy filtered resources.
2019-10-07 21:54:00,754 [Worker-24] INFO  o.e.m.c.i.embedder.EclipseLogger - Copying 5 resources
2019-10-07 21:54:46,109 [Worker-26] INFO  o.e.m.c.i.embedder.EclipseLogger - Using 'UTF-8' encoding to copy filtered resources.
2019-10-07 21:54:46,109 [Worker-26] INFO  o.e.m.c.i.embedder.EclipseLogger - skip non existing resourceDirectory D:\WS_FirmexTA\TestAssignment\src\main\resources
2019-10-07 21:54:46,111 [Worker-26] INFO  o.e.m.c.i.embedder.EclipseLogger - Using 'UTF-8' encoding to copy filtered resources.
2019-10-07 21:54:46,112 [Worker-26] INFO  o.e.m.c.i.embedder.EclipseLogger - Copying 0 resource
2019-10-07 21:55:25,593 [Worker-9] INFO  o.e.m.c.i.embedder.EclipseLogger - Using 'UTF-8' encoding to copy filtered resources.
2019-10-07 21:55:25,594 [Worker-9] INFO  o.e.m.c.i.embedder.EclipseLogger - skip non existing resourceDirectory D:\WS_FirmexTA\TestAssignment\src\main\resources
2019-10-07 21:55:25,595 [Worker-9] INFO  o.e.m.c.i.embedder.EclipseLogger - Using 'UTF-8' encoding to copy filtered resources.
2019-10-07 21:55:25,596 [Worker-9] INFO  o.e.m.c.i.embedder.EclipseLogger - Copying 0 resource
2019-10-07 21:58:12,584 [Worker-31] INFO  o.e.m.c.i.embedder.EclipseLogger - Using 'UTF-8' encoding to copy filtered resources.
2019-10-07 21:58:12,585 [Worker-31] INFO  o.e.m.c.i.embedder.EclipseLogger - skip non existing resourceDirectory D:\WS_FirmexTA\TestAssignment\src\main\resources
2019-10-07 21:58:12,589 [Worker-31] INFO  o.e.m.c.i.embedder.EclipseLogger - Using 'UTF-8' encoding to copy filtered resources.
2019-10-07 21:58:12,590 [Worker-31] INFO  o.e.m.c.i.embedder.EclipseLogger - Copying 0 resource
2019-10-07 21:58:13,659 [Worker-29] INFO  o.e.m.c.i.embedder.EclipseLogger - Using 'UTF-8' encoding to copy filtered resources.
2019-10-07 21:58:13,660 [Worker-29] INFO  o.e.m.c.i.embedder.EclipseLogger - skip non existing resourceDirectory D:\WS_FirmexTA\TestAssignment\src\main\resources
2019-10-07 21:58:13,661 [Worker-29] INFO  o.e.m.c.i.embedder.EclipseLogger - Using 'UTF-8' encoding to copy filtered resources.
2019-10-07 21:58:13,661 [Worker-29] INFO  o.e.m.c.i.embedder.EclipseLogger - Copying 0 resource
2019-10-07 22:01:04,064 [Worker-29] INFO  o.e.m.c.i.embedder.EclipseLogger - Using 'UTF-8' encoding to copy filtered resources.
2019-10-07 22:01:04,064 [Worker-29] INFO  o.e.m.c.i.embedder.EclipseLogger - skip non existing resourceDirectory D:\WS_FirmexTA\TestAssignment\src\main\resources
2019-10-07 22:01:04,067 [Worker-29] INFO  o.e.m.c.i.embedder.EclipseLogger - Using 'UTF-8' encoding to copy filtered resources.
2019-10-07 22:01:04,068 [Worker-29] INFO  o.e.m.c.i.embedder.EclipseLogger - Copying 0 resource
2019-10-07 22:01:29,092 [Worker-35] INFO  o.e.m.c.i.embedder.EclipseLogger - Using 'UTF-8' encoding to copy filtered resources.
2019-10-07 22:01:29,092 [Worker-35] INFO  o.e.m.c.i.embedder.EclipseLogger - skip non existing resourceDirectory D:\WS_FirmexTA\TestAssignment\src\main\resources
2019-10-07 22:01:29,094 [Worker-35] INFO  o.e.m.c.i.embedder.EclipseLogger - Using 'UTF-8' encoding to copy filtered resources.
2019-10-07 22:01:29,094 [Worker-35] INFO  o.e.m.c.i.embedder.EclipseLogger - Copying 0 resource
2019-10-07 22:02:17,320 [Worker-32] INFO  o.e.m.c.i.embedder.EclipseLogger - Using 'UTF-8' encoding to copy filtered resources.
2019-10-07 22:02:17,321 [Worker-32] INFO  o.e.m.c.i.embedder.EclipseLogger - skip non existing resourceDirectory D:\WS_FirmexTA\TestAssignment\src\main\resources
2019-10-07 22:02:17,323 [Worker-32] INFO  o.e.m.c.i.embedder.EclipseLogger - Using 'UTF-8' encoding to copy filtered resources.
2019-10-07 22:02:17,324 [Worker-32] INFO  o.e.m.c.i.embedder.EclipseLogger - Copying 0 resource
2019-10-07 22:02:37,778 [Worker-36] INFO  o.e.m.c.i.embedder.EclipseLogger - Using 'UTF-8' encoding to copy filtered resources.
2019-10-07 22:02:37,779 [Worker-36] INFO  o.e.m.c.i.embedder.EclipseLogger - skip non existing resourceDirectory D:\WS_FirmexTA\TestAssignment\src\main\resources
2019-10-07 22:02:37,794 [Worker-36] INFO  o.e.m.c.i.embedder.EclipseLogger - Using 'UTF-8' encoding to copy filtered resources.
2019-10-07 22:02:37,795 [Worker-36] INFO  o.e.m.c.i.embedder.EclipseLogger - Copying 0 resource
2019-10-07 22:03:46,245 [Worker-37] INFO  o.e.m.c.i.embedder.EclipseLogger - Using 'UTF-8' encoding to copy filtered resources.
2019-10-07 22:03:46,246 [Worker-37] INFO  o.e.m.c.i.embedder.EclipseLogger - skip non existing resourceDirectory D:\WS_FirmexTA\TestAssignment\src\main\resources
2019-10-07 22:03:46,247 [Worker-37] INFO  o.e.m.c.i.embedder.EclipseLogger - Using 'UTF-8' encoding to copy filtered resources.
2019-10-07 22:03:46,248 [Worker-37] INFO  o.e.m.c.i.embedder.EclipseLogger - Copying 5 resources
2019-10-07 22:04:02,967 [Worker-35] INFO  o.e.m.c.i.embedder.EclipseLogger - Using 'UTF-8' encoding to copy filtered resources.
2019-10-07 22:04:02,967 [Worker-35] INFO  o.e.m.c.i.embedder.EclipseLogger - skip non existing resourceDirectory D:\WS_FirmexTA\TestAssignment\src\main\resources
2019-10-07 22:04:02,974 [Worker-35] INFO  o.e.m.c.i.embedder.EclipseLogger - Using 'UTF-8' encoding to copy filtered resources.
2019-10-07 22:04:02,979 [Worker-35] INFO  o.e.m.c.i.embedder.EclipseLogger - Copying 5 resources
2019-10-07 22:05:05,272 [Worker-37] INFO  o.e.m.c.i.embedder.EclipseLogger - Using 'UTF-8' encoding to copy filtered resources.
2019-10-07 22:05:05,273 [Worker-37] INFO  o.e.m.c.i.embedder.EclipseLogger - skip non existing resourceDirectory D:\WS_FirmexTA\TestAssignment\src\main\resources
2019-10-07 22:05:05,275 [Worker-37] INFO  o.e.m.c.i.embedder.EclipseLogger - Using 'UTF-8' encoding to copy filtered resources.
2019-10-07 22:05:05,275 [Worker-37] INFO  o.e.m.c.i.embedder.EclipseLogger - Copying 0 resource
2019-10-07 22:06:28,205 [Worker-32] INFO  o.e.m.c.i.embedder.EclipseLogger - Using 'UTF-8' encoding to copy filtered resources.
2019-10-07 22:06:28,206 [Worker-32] INFO  o.e.m.c.i.embedder.EclipseLogger - skip non existing resourceDirectory D:\WS_FirmexTA\TestAssignment\src\main\resources
2019-10-07 22:06:28,207 [Worker-32] INFO  o.e.m.c.i.embedder.EclipseLogger - Using 'UTF-8' encoding to copy filtered resources.
2019-10-07 22:06:28,208 [Worker-32] INFO  o.e.m.c.i.embedder.EclipseLogger - Copying 5 resources
2019-10-07 22:07:22,334 [Worker-32] INFO  o.e.m.c.i.embedder.EclipseLogger - Using 'UTF-8' encoding to copy filtered resources.
2019-10-07 22:07:22,334 [Worker-32] INFO  o.e.m.c.i.embedder.EclipseLogger - skip non existing resourceDirectory D:\WS_FirmexTA\TestAssignment\src\main\resources
2019-10-07 22:07:22,335 [Worker-32] INFO  o.e.m.c.i.embedder.EclipseLogger - Using 'UTF-8' encoding to copy filtered resources.
2019-10-07 22:07:22,338 [Worker-32] INFO  o.e.m.c.i.embedder.EclipseLogger - Copying 5 resources
2019-10-07 22:09:32,104 [Worker-32] INFO  o.e.m.c.i.embedder.EclipseLogger - Using 'UTF-8' encoding to copy filtered resources.
2019-10-07 22:09:32,105 [Worker-32] INFO  o.e.m.c.i.embedder.EclipseLogger - skip non existing resourceDirectory D:\WS_FirmexTA\TestAssignment\src\main\resources
2019-10-07 22:09:32,107 [Worker-32] INFO  o.e.m.c.i.embedder.EclipseLogger - Using 'UTF-8' encoding to copy filtered resources.
2019-10-07 22:09:32,107 [Worker-32] INFO  o.e.m.c.i.embedder.EclipseLogger - Copying 0 resource
2019-10-07 22:11:15,009 [Worker-38] INFO  o.e.m.c.i.embedder.EclipseLogger - Using 'UTF-8' encoding to copy filtered resources.
2019-10-07 22:11:15,009 [Worker-38] INFO  o.e.m.c.i.embedder.EclipseLogger - skip non existing resourceDirectory D:\WS_FirmexTA\TestAssignment\src\main\resources
2019-10-07 22:11:15,010 [Worker-38] INFO  o.e.m.c.i.embedder.EclipseLogger - Using 'UTF-8' encoding to copy filtered resources.
2019-10-07 22:11:15,011 [Worker-38] INFO  o.e.m.c.i.embedder.EclipseLogger - Copying 0 resource
2019-10-07 22:11:41,785 [Worker-39] INFO  o.e.m.c.i.embedder.EclipseLogger - Using 'UTF-8' encoding to copy filtered resources.
2019-10-07 22:11:41,786 [Worker-39] INFO  o.e.m.c.i.embedder.EclipseLogger - skip non existing resourceDirectory D:\WS_FirmexTA\TestAssignment\src\main\resources
2019-10-07 22:11:41,788 [Worker-39] INFO  o.e.m.c.i.embedder.EclipseLogger - Using 'UTF-8' encoding to copy filtered resources.
2019-10-07 22:11:41,788 [Worker-39] INFO  o.e.m.c.i.embedder.EclipseLogger - Copying 0 resource
2019-10-07 22:11:48,153 [Worker-39] INFO  o.e.m.c.i.embedder.EclipseLogger - Using 'UTF-8' encoding to copy filtered resources.
2019-10-07 22:11:48,154 [Worker-39] INFO  o.e.m.c.i.embedder.EclipseLogger - skip non existing resourceDirectory D:\WS_FirmexTA\TestAssignment\src\main\resources
2019-10-07 22:11:48,156 [Worker-39] INFO  o.e.m.c.i.embedder.EclipseLogger - Using 'UTF-8' encoding to copy filtered resources.
2019-10-07 22:11:48,157 [Worker-39] INFO  o.e.m.c.i.embedder.EclipseLogger - Copying 0 resource
2019-10-07 22:11:59,278 [Worker-40] INFO  o.e.m.c.i.embedder.EclipseLogger - Using 'UTF-8' encoding to copy filtered resources.
2019-10-07 22:11:59,279 [Worker-40] INFO  o.e.m.c.i.embedder.EclipseLogger - skip non existing resourceDirectory D:\WS_FirmexTA\TestAssignment\src\main\resources
2019-10-07 22:11:59,280 [Worker-40] INFO  o.e.m.c.i.embedder.EclipseLogger - Using 'UTF-8' encoding to copy filtered resources.
2019-10-07 22:11:59,280 [Worker-40] INFO  o.e.m.c.i.embedder.EclipseLogger - Copying 0 resource
2019-10-07 22:12:36,698 [Worker-40] INFO  o.e.m.c.i.embedder.EclipseLogger - Using 'UTF-8' encoding to copy filtered resources.
2019-10-07 22:12:36,699 [Worker-40] INFO  o.e.m.c.i.embedder.EclipseLogger - skip non existing resourceDirectory D:\WS_FirmexTA\TestAssignment\src\main\resources
2019-10-07 22:12:36,701 [Worker-40] INFO  o.e.m.c.i.embedder.EclipseLogger - Using 'UTF-8' encoding to copy filtered resources.
2019-10-07 22:12:36,702 [Worker-40] INFO  o.e.m.c.i.embedder.EclipseLogger - Copying 5 resources
2019-10-07 22:12:57,363 [Worker-40] INFO  o.e.m.c.i.embedder.EclipseLogger - Using 'UTF-8' encoding to copy filtered resources.
2019-10-07 22:12:57,363 [Worker-40] INFO  o.e.m.c.i.embedder.EclipseLogger - skip non existing resourceDirectory D:\WS_FirmexTA\TestAssignment\src\main\resources
2019-10-07 22:12:57,365 [Worker-40] INFO  o.e.m.c.i.embedder.EclipseLogger - Using 'UTF-8' encoding to copy filtered resources.
2019-10-07 22:12:57,367 [Worker-40] INFO  o.e.m.c.i.embedder.EclipseLogger - Copying 5 resources
2019-10-07 22:14:23,384 [Worker-41] INFO  o.e.m.c.i.embedder.EclipseLogger - Using 'UTF-8' encoding to copy filtered resources.
2019-10-07 22:14:23,384 [Worker-41] INFO  o.e.m.c.i.embedder.EclipseLogger - skip non existing resourceDirectory D:\WS_FirmexTA\TestAssignment\src\main\resources
2019-10-07 22:14:23,386 [Worker-41] INFO  o.e.m.c.i.embedder.EclipseLogger - Using 'UTF-8' encoding to copy filtered resources.
2019-10-07 22:14:23,389 [Worker-41] INFO  o.e.m.c.i.embedder.EclipseLogger - Copying 0 resource
2019-10-07 22:14:56,197 [Worker-41] INFO  o.e.m.c.i.embedder.EclipseLogger - Using 'UTF-8' encoding to copy filtered resources.
2019-10-07 22:14:56,198 [Worker-41] INFO  o.e.m.c.i.embedder.EclipseLogger - skip non existing resourceDirectory D:\WS_FirmexTA\TestAssignment\src\main\resources
2019-10-07 22:14:56,213 [Worker-41] INFO  o.e.m.c.i.embedder.EclipseLogger - Using 'UTF-8' encoding to copy filtered resources.
2019-10-07 22:14:56,213 [Worker-41] INFO  o.e.m.c.i.embedder.EclipseLogger - Copying 0 resource
2019-10-07 22:15:24,463 [Worker-40] INFO  o.e.m.c.i.embedder.EclipseLogger - Using 'UTF-8' encoding to copy filtered resources.
2019-10-07 22:15:24,464 [Worker-40] INFO  o.e.m.c.i.embedder.EclipseLogger - skip non existing resourceDirectory D:\WS_FirmexTA\TestAssignment\src\main\resources
2019-10-07 22:15:24,465 [Worker-40] INFO  o.e.m.c.i.embedder.EclipseLogger - Using 'UTF-8' encoding to copy filtered resources.
2019-10-07 22:15:24,467 [Worker-40] INFO  o.e.m.c.i.embedder.EclipseLogger - Copying 5 resources
2019-10-07 22:16:33,182 [Worker-40] INFO  o.e.m.c.i.embedder.EclipseLogger - Using 'UTF-8' encoding to copy filtered resources.
2019-10-07 22:16:33,182 [Worker-40] INFO  o.e.m.c.i.embedder.EclipseLogger - skip non existing resourceDirectory D:\WS_FirmexTA\TestAssignment\src\main\resources
2019-10-07 22:16:33,184 [Worker-40] INFO  o.e.m.c.i.embedder.EclipseLogger - Using 'UTF-8' encoding to copy filtered resources.
2019-10-07 22:16:33,184 [Worker-40] INFO  o.e.m.c.i.embedder.EclipseLogger - Copying 0 resource
2019-10-07 22:22:45,517 [Worker-42] INFO  o.e.m.c.i.embedder.EclipseLogger - Using 'UTF-8' encoding to copy filtered resources.
2019-10-07 22:22:45,518 [Worker-42] INFO  o.e.m.c.i.embedder.EclipseLogger - skip non existing resourceDirectory D:\WS_FirmexTA\TestAssignment\src\main\resources
2019-10-07 22:22:45,520 [Worker-42] INFO  o.e.m.c.i.embedder.EclipseLogger - Using 'UTF-8' encoding to copy filtered resources.
2019-10-07 22:22:45,521 [Worker-42] INFO  o.e.m.c.i.embedder.EclipseLogger - Copying 0 resource
2019-10-07 22:23:07,992 [Worker-32] INFO  o.e.m.i.launch.MavenLaunchDelegate - D:\WS_FirmexTA\TestAssignment
2019-10-07 22:23:07,993 [Worker-32] INFO  o.e.m.i.launch.MavenLaunchDelegate -  mvn -B test
2019-10-07 22:23:16,351 [Worker-42] INFO  o.e.m.c.i.embedder.EclipseLogger - Using 'UTF-8' encoding to copy filtered resources.
2019-10-07 22:23:16,351 [Worker-42] INFO  o.e.m.c.i.embedder.EclipseLogger - skip non existing resourceDirectory D:\WS_FirmexTA\TestAssignment\src\main\resources
2019-10-07 22:23:16,353 [Worker-42] INFO  o.e.m.c.i.embedder.EclipseLogger - Using 'UTF-8' encoding to copy filtered resources.
2019-10-07 22:23:16,353 [Worker-42] INFO  o.e.m.c.i.embedder.EclipseLogger - Copying 0 resource
2019-10-07 22:28:25,156 [Worker-42] INFO  o.e.m.c.i.l.LifecycleMappingFactory - Using org.eclipse.m2e.jdt.JarLifecycleMapping lifecycle mapping for MavenProject: com.firmex:TestAssignment:0.0.1 @ D:\WS_FirmexTA\TestAssignment\pom.xml.
2019-10-07 22:28:29,748 [Worker-42] INFO  o.e.m.c.i.embedder.EclipseLogger - Using 'UTF-8' encoding to copy filtered resources.
2019-10-07 22:28:29,748 [Worker-42] INFO  o.e.m.c.i.embedder.EclipseLogger - skip non existing resourceDirectory D:\WS_FirmexTA\TestAssignment\src\main\resources
2019-10-07 22:28:29,752 [Worker-42] INFO  o.e.m.c.i.embedder.EclipseLogger - Using 'UTF-8' encoding to copy filtered resources.
2019-10-07 22:28:29,755 [Worker-42] INFO  o.e.m.c.i.embedder.EclipseLogger - Copying 0 resource
2019-10-07 22:31:12,255 [Worker-45] INFO  o.e.m.c.i.l.LifecycleMappingFactory - Using org.eclipse.m2e.jdt.JarLifecycleMapping lifecycle mapping for MavenProject: com.firmex:TestAssignment:0.0.1 @ D:\WS_FirmexTA\TestAssignment\pom.xml.
2019-10-07 22:31:13,027 [Worker-45] INFO  o.e.m.c.i.embedder.EclipseLogger - Using 'UTF-8' encoding to copy filtered resources.
2019-10-07 22:31:13,027 [Worker-45] INFO  o.e.m.c.i.embedder.EclipseLogger - skip non existing resourceDirectory D:\WS_FirmexTA\TestAssignment\src\main\resources
2019-10-07 22:31:13,030 [Worker-45] INFO  o.e.m.c.i.embedder.EclipseLogger - Using 'UTF-8' encoding to copy filtered resources.
2019-10-07 22:31:13,033 [Worker-45] INFO  o.e.m.c.i.embedder.EclipseLogger - Copying 0 resource
2019-10-07 22:31:30,403 [Worker-39] INFO  o.e.m.c.i.l.LifecycleMappingFactory - Using org.eclipse.m2e.jdt.JarLifecycleMapping lifecycle mapping for MavenProject: com.firmex:TestAssignment:0.0.1 @ D:\WS_FirmexTA\TestAssignment\pom.xml.
2019-10-07 22:31:31,113 [Worker-39] INFO  o.e.m.c.i.embedder.EclipseLogger - Using 'UTF-8' encoding to copy filtered resources.
2019-10-07 22:31:31,113 [Worker-39] INFO  o.e.m.c.i.embedder.EclipseLogger - skip non existing resourceDirectory D:\WS_FirmexTA\TestAssignment\src\main\resources
2019-10-07 22:31:31,116 [Worker-39] INFO  o.e.m.c.i.embedder.EclipseLogger - Using 'UTF-8' encoding to copy filtered resources.
2019-10-07 22:31:31,119 [Worker-39] INFO  o.e.m.c.i.embedder.EclipseLogger - Copying 0 resource
2019-10-07 22:34:04,583 [Worker-44] INFO  o.e.m.c.i.l.LifecycleMappingFactory - Using org.eclipse.m2e.jdt.JarLifecycleMapping lifecycle mapping for MavenProject: com.firmex:TestAssignment:0.0.1 @ D:\WS_FirmexTA\TestAssignment\pom.xml.
2019-10-07 22:34:05,339 [Worker-44] INFO  o.e.m.c.i.embedder.EclipseLogger - Using 'UTF-8' encoding to copy filtered resources.
2019-10-07 22:34:05,340 [Worker-44] INFO  o.e.m.c.i.embedder.EclipseLogger - skip non existing resourceDirectory D:\WS_FirmexTA\TestAssignment\src\main\resources
2019-10-07 22:34:05,343 [Worker-44] INFO  o.e.m.c.i.embedder.EclipseLogger - Using 'UTF-8' encoding to copy filtered resources.
2019-10-07 22:34:05,346 [Worker-44] INFO  o.e.m.c.i.embedder.EclipseLogger - Copying 0 resource
2019-10-07 22:34:37,701 [Worker-47] INFO  o.e.m.c.i.l.LifecycleMappingFactory - Using org.eclipse.m2e.jdt.JarLifecycleMapping lifecycle mapping for MavenProject: com.firmex:TestAssignment:0.0.1 @ D:\WS_FirmexTA\TestAssignment\pom.xml.
2019-10-07 22:34:38,367 [Worker-47] INFO  o.e.m.c.i.embedder.EclipseLogger - Using 'UTF-8' encoding to copy filtered resources.
2019-10-07 22:34:38,367 [Worker-47] INFO  o.e.m.c.i.embedder.EclipseLogger - skip non existing resourceDirectory D:\WS_FirmexTA\TestAssignment\src\main\resources
2019-10-07 22:34:38,370 [Worker-47] INFO  o.e.m.c.i.embedder.EclipseLogger - Using 'UTF-8' encoding to copy filtered resources.
2019-10-07 22:34:38,373 [Worker-47] INFO  o.e.m.c.i.embedder.EclipseLogger - Copying 0 resource
2019-10-07 22:36:58,385 [Worker-49] INFO  o.e.m.c.i.p.ProjectConfigurationManager - Update started
2019-10-07 22:36:58,874 [Worker-49] INFO  o.e.m.c.i.l.LifecycleMappingFactory - Using org.eclipse.m2e.jdt.JarLifecycleMapping lifecycle mapping for MavenProject: com.firmex:TestAssignment:0.0.1 @ D:\WS_FirmexTA\TestAssignment\pom.xml.
2019-10-07 22:36:59,497 [Worker-49] INFO  o.e.m.j.i.AbstractJavaProjectConfigurator - Adding source folder /TestAssignment/src/main/java
2019-10-07 22:36:59,498 [Worker-49] INFO  o.e.m.j.i.AbstractJavaProjectConfigurator - Adding source folder /TestAssignment/src/test/java
2019-10-07 22:36:59,499 [Worker-49] INFO  o.e.m.j.i.AbstractJavaProjectConfigurator - Adding resource folder /TestAssignment/src/test/resources
2019-10-07 22:36:59,656 [Worker-49] INFO  n.t.m.s.i.ProjectSettingsConfigurator - Could not set eclipse settings, consider org.apache.maven.plugins:maven-eclipse-plugin!
2019-10-07 22:36:59,879 [Worker-49] INFO  o.e.m.c.i.p.ProjectConfigurationManager - Update completed: 1 sec
2019-10-07 22:37:00,838 [Worker-48] INFO  o.e.m.c.i.embedder.EclipseLogger - Using 'UTF-8' encoding to copy filtered resources.
2019-10-07 22:37:00,839 [Worker-48] INFO  o.e.m.c.i.embedder.EclipseLogger - skip non existing resourceDirectory D:\WS_FirmexTA\TestAssignment\src\main\resources
2019-10-07 22:37:00,843 [Worker-48] INFO  o.e.m.c.i.embedder.EclipseLogger - Using 'UTF-8' encoding to copy filtered resources.
2019-10-07 22:37:00,844 [Worker-48] INFO  o.e.m.c.i.embedder.EclipseLogger - Copying 5 resources
